2023-03-27 14:15:57 INFO  Log:12 - =====================================VerifyMedicareLinkTest TEST START=========================================
2023-03-27 14:15:57 INFO  Log:23 - entering application URL
2023-03-27 14:15:57 INFO  Log:23 - ****************************** starting test case *****************************************
2023-03-27 14:15:57 INFO  Log:23 - ****************************** click on Medicare Link  *****************************************
2023-03-27 14:15:59 INFO  Log:23 - ****************************** Browser is closed *****************************************
2023-03-27 14:21:11 INFO  Log:12 - =====================================VerifyMedicareLinkTest TEST START=========================================
2023-03-27 14:21:11 INFO  Log:23 - entering application URL
2023-03-27 14:21:11 INFO  Log:23 - ****************************** starting test case *****************************************
2023-03-27 14:21:11 INFO  Log:23 - ****************************** click on Medicare Link  *****************************************
2023-03-27 14:21:13 INFO  Log:23 - ****************************** Browser is closed *****************************************
2023-03-27 14:21:19 INFO  Log:12 - =====================================VerifyMedicareLinkTest TEST START=========================================
2023-03-27 14:21:19 INFO  Log:23 - entering application URL
2023-03-27 14:21:19 INFO  Log:23 - ****************************** starting test case *****************************************
2023-03-27 14:21:19 INFO  Log:23 - ****************************** loginPageTitleTest *****************************************
2023-03-27 14:21:19 INFO  Log:23 - ****************************** Browser is closed *****************************************
2023-03-27 14:22:09 INFO  Log:12 - =====================================VerifyMedicareLinkTest TEST START=========================================
2023-03-27 14:22:09 INFO  Log:23 - entering application URL
2023-03-27 14:22:09 INFO  Log:23 - ****************************** starting test case *****************************************
2023-03-27 14:22:09 INFO  Log:23 - ****************************** click on Medicare Link  *****************************************
2023-03-27 14:22:11 INFO  Log:23 - ****************************** Browser is closed *****************************************
2023-03-27 14:22:17 INFO  Log:12 - =====================================VerifyMedicareLinkTest TEST START=========================================
2023-03-27 14:22:17 INFO  Log:23 - entering application URL
2023-03-27 14:22:18 INFO  Log:23 - ****************************** starting test case *****************************************
2023-03-27 14:22:18 INFO  Log:23 - ****************************** loginPageTitleTest *****************************************
2023-03-27 14:22:19 INFO  Log:23 - ****************************** Browser is closed *****************************************
2023-03-27 14:30:36 INFO  Log:12 - =====================================VerifyMedicareLinkTest TEST START=========================================
2023-03-27 14:30:36 INFO  Log:23 - entering application URL
2023-03-27 14:30:36 INFO  Log:23 - ****************************** starting test case *****************************************
2023-03-27 14:30:36 INFO  Log:23 - ****************************** click on Medicare Link  *****************************************
2023-03-27 14:30:38 INFO  Log:23 - ****************************** Browser is closed *****************************************
2023-03-27 14:30:44 INFO  Log:12 - =====================================VerifyMedicareLinkTest TEST START=========================================
2023-03-27 14:30:44 INFO  Log:23 - entering application URL
2023-03-27 14:30:45 INFO  Log:23 - ****************************** starting test case *****************************************
2023-03-27 14:30:45 INFO  Log:23 - ****************************** loginPageTitleTest *****************************************
2023-03-27 14:30:46 INFO  Log:23 - ****************************** Browser is closed *****************************************
2023-03-27 14:37:22 INFO  Log:12 - =====================================VerifyMedicareLinkTest TEST START=========================================
2023-03-27 14:37:22 INFO  Log:23 - entering application URL
2023-03-27 14:37:22 INFO  Log:23 - ****************************** starting test case *****************************************
2023-03-27 14:37:22 INFO  Log:23 - ****************************** click on Medicare Link  *****************************************
2023-03-27 14:37:24 INFO  Log:23 - ****************************** Browser is closed *****************************************
2023-03-27 14:37:29 INFO  Log:12 - =====================================VerifyMedicareLinkTest TEST START=========================================
2023-03-27 14:37:29 INFO  Log:23 - entering application URL
2023-03-27 14:37:30 INFO  Log:23 - ****************************** starting test case *****************************************
2023-03-27 14:37:30 INFO  Log:23 - ****************************** loginPageTitleTest *****************************************
2023-03-27 14:37:31 INFO  Log:23 - ****************************** Browser is closed *****************************************
2023-03-27 14:37:31 DEBUG cache:45 - Couldn't find template in cache for "Extent.ftl"("en_US", UTF-8, parsed); will try to load it.
2023-03-27 14:37:31 DEBUG cache:45 - TemplateLoader.findTemplateSource("Extent_en_US.ftl"): Not found
2023-03-27 14:37:31 DEBUG cache:45 - TemplateLoader.findTemplateSource("Extent_en.ftl"): Not found
2023-03-27 14:37:31 DEBUG cache:45 - TemplateLoader.findTemplateSource("Extent.ftl"): Found
2023-03-27 14:37:31 DEBUG cache:45 - Loading template for "Extent.ftl"("en_US", UTF-8, parsed) from "jar:file:/C:/Users/USER/.m2/repository/com/relevantcodes/extentreports/2.41.2/extentreports-2.41.2.jar!/com/relevantcodes/extentreports/view/Extent.ftl"
2023-03-27 14:37:32 DEBUG cache:45 - Couldn't find template in cache for "Extent.ftl"("en_US", UTF-8, parsed); will try to load it.
2023-03-27 14:37:32 DEBUG cache:45 - TemplateLoader.findTemplateSource("Extent_en_US.ftl"): Not found
2023-03-27 14:37:32 DEBUG cache:45 - TemplateLoader.findTemplateSource("Extent_en.ftl"): Not found
2023-03-27 14:37:32 DEBUG cache:45 - TemplateLoader.findTemplateSource("Extent.ftl"): Found
2023-03-27 14:37:32 DEBUG cache:45 - Loading template for "Extent.ftl"("en_US", UTF-8, parsed) from "jar:file:/C:/Users/USER/.m2/repository/com/relevantcodes/extentreports/2.41.2/extentreports-2.41.2.jar!/com/relevantcodes/extentreports/view/Extent.ftl"
2023-03-27 14:41:09 INFO  Log:12 - =====================================VerifyMedicareLinkTest TEST START=========================================
2023-03-27 14:41:09 INFO  Log:23 - entering application URL
2023-03-27 14:41:09 INFO  Log:23 - ****************************** starting test case *****************************************
2023-03-27 14:41:09 INFO  Log:23 - ****************************** click on Medicare Link  *****************************************
2023-03-27 14:41:11 INFO  Log:23 - ****************************** Browser is closed *****************************************
2023-03-27 14:41:17 INFO  Log:12 - =====================================VerifyMedicareLinkTest TEST START=========================================
2023-03-27 14:41:17 INFO  Log:23 - entering application URL
2023-03-27 14:41:17 INFO  Log:23 - ****************************** starting test case *****************************************
2023-03-27 14:41:17 INFO  Log:23 - ****************************** loginPageTitleTest *****************************************
2023-03-27 14:41:18 INFO  Log:23 - ****************************** Browser is closed *****************************************
2023-03-27 14:43:28 INFO  Log:12 - =====================================VerifyMedicareLinkTest TEST START=========================================
2023-03-27 14:43:28 INFO  Log:23 - entering application URL
2023-03-27 14:43:28 INFO  Log:23 - ****************************** starting test case *****************************************
2023-03-27 14:43:28 INFO  Log:23 - ****************************** click on Medicare Link  *****************************************
2023-03-27 14:43:30 INFO  Log:23 - ****************************** Browser is closed *****************************************
2023-03-27 14:43:35 INFO  Log:12 - =====================================VerifyMedicareLinkTest TEST START=========================================
2023-03-27 14:43:35 INFO  Log:23 - entering application URL
2023-03-27 14:43:36 INFO  Log:23 - ****************************** starting test case *****************************************
2023-03-27 14:43:36 INFO  Log:23 - ****************************** loginPageTitleTest *****************************************
2023-03-27 14:43:37 INFO  Log:23 - ****************************** Browser is closed *****************************************
2023-03-27 14:43:37 DEBUG cache:45 - Couldn't find template in cache for "Extent.ftl"("en_US", UTF-8, parsed); will try to load it.
2023-03-27 14:43:37 DEBUG cache:45 - TemplateLoader.findTemplateSource("Extent_en_US.ftl"): Not found
2023-03-27 14:43:37 DEBUG cache:45 - TemplateLoader.findTemplateSource("Extent_en.ftl"): Not found
2023-03-27 14:43:37 DEBUG cache:45 - TemplateLoader.findTemplateSource("Extent.ftl"): Found
2023-03-27 14:43:37 DEBUG cache:45 - Loading template for "Extent.ftl"("en_US", UTF-8, parsed) from "jar:file:/C:/Users/USER/.m2/repository/com/relevantcodes/extentreports/2.41.2/extentreports-2.41.2.jar!/com/relevantcodes/extentreports/view/Extent.ftl"
2023-03-27 14:43:38 DEBUG cache:45 - Couldn't find template in cache for "Extent.ftl"("en_US", UTF-8, parsed); will try to load it.
2023-03-27 14:43:38 DEBUG cache:45 - TemplateLoader.findTemplateSource("Extent_en_US.ftl"): Not found
2023-03-27 14:43:38 DEBUG cache:45 - TemplateLoader.findTemplateSource("Extent_en.ftl"): Not found
2023-03-27 14:43:38 DEBUG cache:45 - TemplateLoader.findTemplateSource("Extent.ftl"): Found
2023-03-27 14:43:38 DEBUG cache:45 - Loading template for "Extent.ftl"("en_US", UTF-8, parsed) from "jar:file:/C:/Users/USER/.m2/repository/com/relevantcodes/extentreports/2.41.2/extentreports-2.41.2.jar!/com/relevantcodes/extentreports/view/Extent.ftl"
2023-03-27 14:53:12 INFO  Log:12 - =====================================VerifyMedicareLinkTest TEST START=========================================
2023-03-27 14:53:12 INFO  Log:23 - entering application URL
2023-03-27 14:53:12 INFO  Log:23 - ****************************** starting test case *****************************************
2023-03-27 14:53:12 INFO  Log:23 - ****************************** click on Medicare Link  *****************************************
2023-03-27 14:53:14 INFO  Log:23 - ****************************** Browser is closed *****************************************
2023-03-27 14:53:20 INFO  Log:12 - =====================================VerifyMedicareLinkTest TEST START=========================================
2023-03-27 14:53:20 INFO  Log:23 - entering application URL
2023-03-27 14:53:21 INFO  Log:23 - ****************************** starting test case *****************************************
2023-03-27 14:53:21 INFO  Log:23 - ****************************** loginPageTitleTest *****************************************
2023-03-27 14:53:22 INFO  Log:23 - ****************************** Browser is closed *****************************************
2023-03-27 14:53:22 DEBUG cache:45 - Couldn't find template in cache for "Extent.ftl"("en_US", UTF-8, parsed); will try to load it.
2023-03-27 14:53:22 DEBUG cache:45 - TemplateLoader.findTemplateSource("Extent_en_US.ftl"): Not found
2023-03-27 14:53:22 DEBUG cache:45 - TemplateLoader.findTemplateSource("Extent_en.ftl"): Not found
2023-03-27 14:53:22 DEBUG cache:45 - TemplateLoader.findTemplateSource("Extent.ftl"): Found
2023-03-27 14:53:22 DEBUG cache:45 - Loading template for "Extent.ftl"("en_US", UTF-8, parsed) from "jar:file:/C:/Users/USER/.m2/repository/com/relevantcodes/extentreports/2.41.2/extentreports-2.41.2.jar!/com/relevantcodes/extentreports/view/Extent.ftl"
2023-03-27 14:53:22 DEBUG cache:45 - Couldn't find template in cache for "Extent.ftl"("en_US", UTF-8, parsed); will try to load it.
2023-03-27 14:53:22 DEBUG cache:45 - TemplateLoader.findTemplateSource("Extent_en_US.ftl"): Not found
2023-03-27 14:53:22 DEBUG cache:45 - TemplateLoader.findTemplateSource("Extent_en.ftl"): Not found
2023-03-27 14:53:22 DEBUG cache:45 - TemplateLoader.findTemplateSource("Extent.ftl"): Found
2023-03-27 14:53:22 DEBUG cache:45 - Loading template for "Extent.ftl"("en_US", UTF-8, parsed) from "jar:file:/C:/Users/USER/.m2/repository/com/relevantcodes/extentreports/2.41.2/extentreports-2.41.2.jar!/com/relevantcodes/extentreports/view/Extent.ftl"
2023-03-27 14:56:11 INFO  Log:12 - =====================================VerifyMedicareLinkTest TEST START=========================================
2023-03-27 14:56:11 INFO  Log:23 - entering application URL
2023-03-27 14:56:11 INFO  Log:23 - ****************************** starting test case *****************************************
2023-03-27 14:56:11 INFO  Log:23 - ****************************** click on Medicare Link  *****************************************
2023-03-27 14:56:33 INFO  Log:23 - ****************************** Browser is closed *****************************************
2023-03-27 14:56:39 INFO  Log:12 - =====================================VerifyMedicareLinkTest TEST START=========================================
2023-03-27 14:56:39 INFO  Log:23 - entering application URL
2023-03-27 14:57:01 INFO  Log:23 - ****************************** Browser is closed *****************************************
2023-03-27 14:57:01 DEBUG cache:45 - Couldn't find template in cache for "Extent.ftl"("en_US", UTF-8, parsed); will try to load it.
2023-03-27 14:57:01 DEBUG cache:45 - TemplateLoader.findTemplateSource("Extent_en_US.ftl"): Not found
2023-03-27 14:57:01 DEBUG cache:45 - TemplateLoader.findTemplateSource("Extent_en.ftl"): Not found
2023-03-27 14:57:01 DEBUG cache:45 - TemplateLoader.findTemplateSource("Extent.ftl"): Found
2023-03-27 14:57:01 DEBUG cache:45 - Loading template for "Extent.ftl"("en_US", UTF-8, parsed) from "jar:file:/C:/Users/USER/.m2/repository/com/relevantcodes/extentreports/2.41.2/extentreports-2.41.2.jar!/com/relevantcodes/extentreports/view/Extent.ftl"
2023-03-27 14:57:01 DEBUG cache:45 - Couldn't find template in cache for "Extent.ftl"("en_US", UTF-8, parsed); will try to load it.
2023-03-27 14:57:01 DEBUG cache:45 - TemplateLoader.findTemplateSource("Extent_en_US.ftl"): Not found
2023-03-27 14:57:01 DEBUG cache:45 - TemplateLoader.findTemplateSource("Extent_en.ftl"): Not found
2023-03-27 14:57:01 DEBUG cache:45 - TemplateLoader.findTemplateSource("Extent.ftl"): Found
2023-03-27 14:57:01 DEBUG cache:45 - Loading template for "Extent.ftl"("en_US", UTF-8, parsed) from "jar:file:/C:/Users/USER/.m2/repository/com/relevantcodes/extentreports/2.41.2/extentreports-2.41.2.jar!/com/relevantcodes/extentreports/view/Extent.ftl"
2023-03-28 10:53:47 INFO  Log:12 - =====================================VerifyMedicareLinkTest TEST START=========================================
2023-03-28 10:53:47 INFO  Log:23 - entering application URL
2023-03-28 10:53:47 INFO  Log:23 - ****************************** starting test case *****************************************
2023-03-28 10:53:47 INFO  Log:23 - ****************************** click on Medicare Link  *****************************************
2023-03-28 10:54:08 INFO  Log:23 - ****************************** Browser is closed *****************************************
2023-03-28 10:54:14 INFO  Log:12 - =====================================VerifyMedicareLinkTest TEST START=========================================
2023-03-28 10:54:14 INFO  Log:23 - entering application URL
2023-03-28 10:54:36 INFO  Log:23 - ****************************** Browser is closed *****************************************
2023-03-28 10:54:36 DEBUG cache:45 - Couldn't find template in cache for "Extent.ftl"("en_US", UTF-8, parsed); will try to load it.
2023-03-28 10:54:36 DEBUG cache:45 - TemplateLoader.findTemplateSource("Extent_en_US.ftl"): Not found
2023-03-28 10:54:36 DEBUG cache:45 - TemplateLoader.findTemplateSource("Extent_en.ftl"): Not found
2023-03-28 10:54:36 DEBUG cache:45 - TemplateLoader.findTemplateSource("Extent.ftl"): Found
2023-03-28 10:54:36 DEBUG cache:45 - Loading template for "Extent.ftl"("en_US", UTF-8, parsed) from "jar:file:/C:/Users/USER/.m2/repository/com/relevantcodes/extentreports/2.41.2/extentreports-2.41.2.jar!/com/relevantcodes/extentreports/view/Extent.ftl"
2023-03-28 10:54:36 DEBUG cache:45 - Couldn't find template in cache for "Extent.ftl"("en_US", UTF-8, parsed); will try to load it.
2023-03-28 10:54:36 DEBUG cache:45 - TemplateLoader.findTemplateSource("Extent_en_US.ftl"): Not found
2023-03-28 10:54:36 DEBUG cache:45 - TemplateLoader.findTemplateSource("Extent_en.ftl"): Not found
2023-03-28 10:54:36 DEBUG cache:45 - TemplateLoader.findTemplateSource("Extent.ftl"): Found
2023-03-28 10:54:36 DEBUG cache:45 - Loading template for "Extent.ftl"("en_US", UTF-8, parsed) from "jar:file:/C:/Users/USER/.m2/repository/com/relevantcodes/extentreports/2.41.2/extentreports-2.41.2.jar!/com/relevantcodes/extentreports/view/Extent.ftl"
2023-03-28 11:56:39 INFO  Log:12 - =====================================VerifyMedicareLinkTest TEST START=========================================
2023-03-28 11:56:39 INFO  Log:23 - entering application URL
2023-03-28 11:56:39 INFO  Log:23 - ****************************** starting test case *****************************************
2023-03-28 11:56:39 INFO  Log:23 - ****************************** click on Medicare Link  *****************************************
2023-03-28 11:57:01 INFO  Log:23 - ****************************** Browser is closed *****************************************
2023-03-28 11:57:06 INFO  Log:12 - =====================================VerifyMedicareLinkTest TEST START=========================================
2023-03-28 11:57:06 INFO  Log:23 - entering application URL
2023-03-28 11:57:28 INFO  Log:23 - ****************************** Browser is closed *****************************************
2023-03-28 11:59:28 INFO  Log:12 - =====================================VerifyMedicareLinkTest TEST START=========================================
2023-03-28 11:59:28 INFO  Log:23 - entering application URL
2023-03-28 11:59:28 INFO  Log:23 - ****************************** starting test case *****************************************
2023-03-28 11:59:28 INFO  Log:23 - ****************************** click on Medicare Link  *****************************************
2023-03-28 11:59:30 INFO  Log:23 - ****************************** Browser is closed *****************************************
2023-03-28 11:59:37 INFO  Log:12 - =====================================VerifyMedicareLinkTest TEST START=========================================
2023-03-28 11:59:37 INFO  Log:23 - entering application URL
2023-03-28 11:59:38 INFO  Log:23 - ****************************** starting test case *****************************************
2023-03-28 11:59:38 INFO  Log:23 - ****************************** loginPageTitleTest *****************************************
2023-03-28 11:59:39 INFO  Log:23 - ****************************** Browser is closed *****************************************
2023-03-28 12:01:06 INFO  Log:12 - =====================================VerifyMedicareLinkTest TEST START=========================================
2023-03-28 12:01:06 INFO  Log:23 - entering application URL
2023-03-28 12:01:06 INFO  Log:23 - ****************************** starting test case *****************************************
2023-03-28 12:01:06 INFO  Log:23 - ****************************** click on Medicare Link  *****************************************
2023-03-28 12:01:08 INFO  Log:23 - ****************************** Browser is closed *****************************************
2023-03-28 12:01:14 INFO  Log:12 - =====================================VerifyMedicareLinkTest TEST START=========================================
2023-03-28 12:01:14 INFO  Log:23 - entering application URL
2023-03-28 12:01:15 INFO  Log:23 - ****************************** starting test case *****************************************
2023-03-28 12:01:15 INFO  Log:23 - ****************************** loginPageTitleTest *****************************************
2023-03-28 12:01:16 INFO  Log:23 - ****************************** Browser is closed *****************************************
2023-03-28 12:01:16 DEBUG cache:45 - Couldn't find template in cache for "Extent.ftl"("en_US", UTF-8, parsed); will try to load it.
2023-03-28 12:01:16 DEBUG cache:45 - TemplateLoader.findTemplateSource("Extent_en_US.ftl"): Not found
2023-03-28 12:01:16 DEBUG cache:45 - TemplateLoader.findTemplateSource("Extent_en.ftl"): Not found
2023-03-28 12:01:16 DEBUG cache:45 - TemplateLoader.findTemplateSource("Extent.ftl"): Found
2023-03-28 12:01:16 DEBUG cache:45 - Loading template for "Extent.ftl"("en_US", UTF-8, parsed) from "jar:file:/C:/Users/USER/.m2/repository/com/relevantcodes/extentreports/2.41.2/extentreports-2.41.2.jar!/com/relevantcodes/extentreports/view/Extent.ftl"
2023-03-28 12:01:17 DEBUG cache:45 - Couldn't find template in cache for "Extent.ftl"("en_US", UTF-8, parsed); will try to load it.
2023-03-28 12:01:17 DEBUG cache:45 - TemplateLoader.findTemplateSource("Extent_en_US.ftl"): Not found
2023-03-28 12:01:17 DEBUG cache:45 - TemplateLoader.findTemplateSource("Extent_en.ftl"): Not found
2023-03-28 12:01:17 DEBUG cache:45 - TemplateLoader.findTemplateSource("Extent.ftl"): Found
2023-03-28 12:01:17 DEBUG cache:45 - Loading template for "Extent.ftl"("en_US", UTF-8, parsed) from "jar:file:/C:/Users/USER/.m2/repository/com/relevantcodes/extentreports/2.41.2/extentreports-2.41.2.jar!/com/relevantcodes/extentreports/view/Extent.ftl"
2023-03-28 12:02:15 INFO  Log:12 - =====================================VerifyMedicareLinkTest TEST START=========================================
2023-03-28 12:02:15 INFO  Log:23 - entering application URL
2023-03-28 12:02:15 INFO  Log:23 - ****************************** starting test case *****************************************
2023-03-28 12:02:15 INFO  Log:23 - ****************************** click on Medicare Link  *****************************************
2023-03-28 12:02:17 INFO  Log:23 - ****************************** Browser is closed *****************************************
2023-03-28 12:02:22 INFO  Log:12 - =====================================VerifyMedicareLinkTest TEST START=========================================
2023-03-28 12:02:22 INFO  Log:23 - entering application URL
2023-03-28 12:02:23 INFO  Log:23 - ****************************** starting test case *****************************************
2023-03-28 12:02:23 INFO  Log:23 - ****************************** loginPageTitleTest *****************************************
2023-03-28 12:02:24 INFO  Log:23 - ****************************** Browser is closed *****************************************
2023-03-28 12:07:37 INFO  Log:12 - =====================================VerifyMedicareLinkTest TEST START=========================================
2023-03-28 12:07:37 INFO  Log:23 - entering application URL
2023-03-28 12:07:37 INFO  Log:23 - ****************************** starting test case *****************************************
2023-03-28 12:07:37 INFO  Log:23 - ****************************** click on Medicare Link  *****************************************
2023-03-28 12:07:39 INFO  Log:23 - ****************************** Browser is closed *****************************************
2023-03-28 12:07:45 INFO  Log:12 - =====================================VerifyMedicareLinkTest TEST START=========================================
2023-03-28 12:07:45 INFO  Log:23 - entering application URL
2023-03-28 12:07:46 INFO  Log:23 - ****************************** starting test case *****************************************
2023-03-28 12:07:46 INFO  Log:23 - ****************************** loginPageTitleTest *****************************************
2023-03-28 12:07:46 INFO  Log:23 - ****************************** Browser is closed *****************************************
2023-03-28 12:09:59 INFO  Log:12 - =====================================VerifyMedicareLinkTest TEST START=========================================
2023-03-28 12:09:59 INFO  Log:23 - entering application URL
2023-03-28 12:09:59 INFO  Log:23 - ****************************** starting test case *****************************************
2023-03-28 12:09:59 INFO  Log:23 - ****************************** click on Medicare Link  *****************************************
2023-03-28 12:10:01 INFO  Log:23 - ****************************** Browser is closed *****************************************
2023-03-28 12:10:07 INFO  Log:12 - =====================================VerifyMedicareLinkTest TEST START=========================================
2023-03-28 12:10:07 INFO  Log:23 - entering application URL
2023-03-28 12:10:08 INFO  Log:23 - ****************************** starting test case *****************************************
2023-03-28 12:10:08 INFO  Log:23 - ****************************** loginPageTitleTest *****************************************
2023-03-28 12:10:09 INFO  Log:23 - ****************************** Browser is closed *****************************************
2023-03-28 12:12:44 INFO  Log:12 - =====================================VerifyMedicareLinkTest TEST START=========================================
2023-03-28 12:12:44 INFO  Log:23 - entering application URL
2023-03-28 12:12:44 INFO  Log:23 - ****************************** starting test case *****************************************
2023-03-28 12:12:44 INFO  Log:23 - ****************************** click on Medicare Link  *****************************************
2023-03-28 12:12:45 INFO  Log:23 - ****************************** Browser is closed *****************************************
2023-03-28 12:12:52 INFO  Log:12 - =====================================VerifyMedicareLinkTest TEST START=========================================
2023-03-28 12:12:52 INFO  Log:23 - entering application URL
2023-03-28 12:12:52 INFO  Log:23 - ****************************** starting test case *****************************************
2023-03-28 12:12:52 INFO  Log:23 - ****************************** loginPageTitleTest *****************************************
2023-03-28 12:12:53 INFO  Log:23 - ****************************** Browser is closed *****************************************
2023-03-28 12:16:09 INFO  Log:12 - =====================================VerifyMedicareLinkTest TEST START=========================================
2023-03-28 12:16:09 INFO  Log:23 - entering application URL
2023-03-28 12:16:09 INFO  Log:23 - ****************************** starting test case *****************************************
2023-03-28 12:16:09 INFO  Log:23 - ****************************** click on Medicare Link  *****************************************
2023-03-28 12:16:11 INFO  Log:23 - ****************************** Browser is closed *****************************************
2023-03-28 12:16:17 INFO  Log:12 - =====================================VerifyMedicareLinkTest TEST START=========================================
2023-03-28 12:16:17 INFO  Log:23 - entering application URL
2023-03-28 12:16:18 INFO  Log:23 - ****************************** starting test case *****************************************
2023-03-28 12:16:18 INFO  Log:23 - ****************************** loginPageTitleTest *****************************************
2023-03-28 12:16:19 INFO  Log:23 - ****************************** Browser is closed *****************************************
2023-03-28 12:19:41 INFO  Log:12 - =====================================VerifyMedicareLinkTest TEST START=========================================
2023-03-28 12:19:41 INFO  Log:23 - entering application URL
2023-03-28 12:19:41 INFO  Log:23 - ****************************** starting test case *****************************************
2023-03-28 12:19:41 INFO  Log:23 - ****************************** click on Medicare Link  *****************************************
2023-03-28 12:19:43 INFO  Log:23 - ****************************** Browser is closed *****************************************
2023-03-28 12:19:50 INFO  Log:12 - =====================================VerifyMedicareLinkTest TEST START=========================================
2023-03-28 12:19:50 INFO  Log:23 - entering application URL
2023-03-28 12:19:51 INFO  Log:23 - ****************************** starting test case *****************************************
2023-03-28 12:19:51 INFO  Log:23 - ****************************** loginPageTitleTest *****************************************
2023-03-28 12:19:51 INFO  Log:23 - ****************************** Browser is closed *****************************************
2023-03-28 12:22:15 INFO  Log:12 - =====================================VerifyMedicareLinkTest TEST START=========================================
2023-03-28 12:22:15 INFO  Log:23 - entering application URL
2023-03-28 12:22:15 INFO  Log:23 - ****************************** starting test case *****************************************
2023-03-28 12:22:15 INFO  Log:23 - ****************************** click on Medicare Link  *****************************************
2023-03-28 12:22:16 INFO  Log:23 - ****************************** Browser is closed *****************************************
2023-03-28 12:22:22 INFO  Log:12 - =====================================VerifyMedicareLinkTest TEST START=========================================
2023-03-28 12:22:22 INFO  Log:23 - entering application URL
2023-03-28 12:22:23 INFO  Log:23 - ****************************** starting test case *****************************************
2023-03-28 12:22:23 INFO  Log:23 - ****************************** loginPageTitleTest *****************************************
2023-03-28 12:22:23 INFO  Log:23 - ****************************** Browser is closed *****************************************
2023-03-28 12:27:22 INFO  Log:12 - =====================================VerifyMedicareLinkTest TEST START=========================================
2023-03-28 12:27:22 INFO  Log:23 - entering application URL
2023-03-28 12:27:22 INFO  Log:23 - ****************************** starting test case *****************************************
2023-03-28 12:27:22 INFO  Log:23 - ****************************** click on Medicare Link  *****************************************
2023-03-28 12:27:25 INFO  Log:23 - ****************************** Browser is closed *****************************************
2023-03-28 12:27:34 INFO  Log:12 - =====================================VerifyMedicareLinkTest TEST START=========================================
2023-03-28 12:27:34 INFO  Log:23 - entering application URL
2023-03-28 12:27:34 INFO  Log:23 - ****************************** starting test case *****************************************
2023-03-28 12:27:34 INFO  Log:23 - ****************************** loginPageTitleTest *****************************************
2023-03-28 12:27:36 INFO  Log:23 - ****************************** Browser is closed *****************************************
2023-03-28 12:29:43 INFO  Log:12 - =====================================VerifyMedicareLinkTest TEST START=========================================
2023-03-28 12:29:43 INFO  Log:23 - entering application URL
2023-03-28 12:29:43 INFO  Log:23 - ****************************** starting test case *****************************************
2023-03-28 12:29:43 INFO  Log:23 - ****************************** click on Medicare Link  *****************************************
2023-03-28 12:29:45 INFO  Log:23 - ****************************** Browser is closed *****************************************
2023-03-28 12:29:51 INFO  Log:12 - =====================================VerifyMedicareLinkTest TEST START=========================================
2023-03-28 12:29:51 INFO  Log:23 - entering application URL
2023-03-28 12:29:52 INFO  Log:23 - ****************************** starting test case *****************************************
2023-03-28 12:29:52 INFO  Log:23 - ****************************** loginPageTitleTest *****************************************
2023-03-28 12:29:53 INFO  Log:23 - ****************************** Browser is closed *****************************************
2023-03-28 12:36:25 INFO  Log:12 - =====================================VerifyMedicareLinkTest TEST START=========================================
2023-03-28 12:36:25 INFO  Log:23 - entering application URL
2023-03-28 12:36:25 INFO  Log:23 - ****************************** starting test case *****************************************
2023-03-28 12:36:25 INFO  Log:23 - ****************************** click on Medicare Link  *****************************************
2023-03-28 12:36:27 INFO  Log:23 - ****************************** Browser is closed *****************************************
2023-03-28 12:36:33 INFO  Log:12 - =====================================VerifyMedicareLinkTest TEST START=========================================
2023-03-28 12:36:33 INFO  Log:23 - entering application URL
2023-03-28 12:36:34 INFO  Log:23 - ****************************** starting test case *****************************************
2023-03-28 12:36:34 INFO  Log:23 - ****************************** loginPageTitleTest *****************************************
2023-03-28 12:36:35 INFO  Log:23 - ****************************** Browser is closed *****************************************
2023-03-28 12:40:57 INFO  Log:12 - =====================================VerifyMedicareLinkTest TEST START=========================================
2023-03-28 12:40:58 INFO  Log:23 - entering application URL
2023-03-28 12:40:58 INFO  Log:23 - ****************************** starting test case *****************************************
2023-03-28 12:40:58 INFO  Log:23 - ****************************** click on Medicare Link  *****************************************
2023-03-28 12:40:59 INFO  Log:23 - ****************************** Browser is closed *****************************************
2023-03-28 12:41:05 INFO  Log:12 - =====================================VerifyMedicareLinkTest TEST START=========================================
2023-03-28 12:41:05 INFO  Log:23 - entering application URL
2023-03-28 12:41:06 INFO  Log:23 - ****************************** starting test case *****************************************
2023-03-28 12:41:06 INFO  Log:23 - ****************************** loginPageTitleTest *****************************************
2023-03-28 12:41:06 INFO  Log:23 - ****************************** Browser is closed *****************************************
2023-03-28 12:47:37 INFO  Log:12 - =====================================VerifyMedicareLinkTest TEST START=========================================
2023-03-28 12:47:38 INFO  Log:23 - entering application URL
2023-03-28 12:47:38 INFO  Log:23 - ****************************** starting test case *****************************************
2023-03-28 12:47:38 INFO  Log:23 - ****************************** click on Medicare Link  *****************************************
2023-03-28 12:47:40 INFO  Log:23 - ****************************** Browser is closed *****************************************
2023-03-28 12:47:47 INFO  Log:12 - =====================================VerifyMedicareLinkTest TEST START=========================================
2023-03-28 12:47:47 INFO  Log:23 - entering application URL
2023-03-28 12:47:48 INFO  Log:23 - ****************************** starting test case *****************************************
2023-03-28 12:47:48 INFO  Log:23 - ****************************** loginPageTitleTest *****************************************
2023-03-28 12:47:49 INFO  Log:23 - ****************************** Browser is closed *****************************************
2023-03-28 12:50:02 INFO  Log:12 - =====================================VerifyMedicareLinkTest TEST START=========================================
2023-03-28 12:50:02 INFO  Log:23 - entering application URL
2023-03-28 12:50:02 INFO  Log:23 - ****************************** starting test case *****************************************
2023-03-28 12:50:02 INFO  Log:23 - ****************************** click on Medicare Link  *****************************************
2023-03-28 12:50:04 INFO  Log:23 - ****************************** Browser is closed *****************************************
2023-03-28 12:50:11 INFO  Log:12 - =====================================VerifyMedicareLinkTest TEST START=========================================
2023-03-28 12:50:11 INFO  Log:23 - entering application URL
2023-03-28 12:50:11 INFO  Log:23 - ****************************** starting test case *****************************************
2023-03-28 12:50:11 INFO  Log:23 - ****************************** loginPageTitleTest *****************************************
2023-03-28 12:50:12 INFO  Log:23 - ****************************** Browser is closed *****************************************
2023-03-28 12:52:01 INFO  Log:12 - =====================================VerifyMedicareLinkTest TEST START=========================================
2023-03-28 12:52:01 INFO  Log:23 - entering application URL
2023-03-28 12:52:01 INFO  Log:23 - ****************************** starting test case *****************************************
2023-03-28 12:52:01 INFO  Log:23 - ****************************** click on Medicare Link  *****************************************
2023-03-28 12:52:03 INFO  Log:23 - ****************************** Browser is closed *****************************************
2023-03-28 12:52:10 INFO  Log:12 - =====================================VerifyMedicareLinkTest TEST START=========================================
2023-03-28 12:52:10 INFO  Log:23 - entering application URL
2023-03-28 12:52:11 INFO  Log:23 - ****************************** starting test case *****************************************
2023-03-28 12:52:11 INFO  Log:23 - ****************************** loginPageTitleTest *****************************************
2023-03-28 12:52:12 INFO  Log:23 - ****************************** Browser is closed *****************************************
2023-03-28 12:54:01 INFO  Log:12 - =====================================VerifyMedicareLinkTest TEST START=========================================
2023-03-28 12:54:01 INFO  Log:23 - entering application URL
2023-03-28 12:54:01 INFO  Log:23 - ****************************** starting test case *****************************************
2023-03-28 12:54:01 INFO  Log:23 - ****************************** click on Medicare Link  *****************************************
2023-03-28 12:54:04 INFO  Log:23 - ****************************** Browser is closed *****************************************
2023-03-28 12:54:10 INFO  Log:12 - =====================================VerifyMedicareLinkTest TEST START=========================================
2023-03-28 12:54:10 INFO  Log:23 - entering application URL
2023-03-28 12:54:10 INFO  Log:23 - ****************************** starting test case *****************************************
2023-03-28 12:54:10 INFO  Log:23 - ****************************** loginPageTitleTest *****************************************
2023-03-28 12:54:11 INFO  Log:23 - ****************************** Browser is closed *****************************************
2023-03-28 12:57:03 INFO  Log:12 - =====================================VerifyMedicareLinkTest TEST START=========================================
2023-03-28 12:57:03 INFO  Log:23 - entering application URL
2023-03-28 12:57:03 INFO  Log:23 - ****************************** starting test case *****************************************
2023-03-28 12:57:03 INFO  Log:23 - ****************************** click on Medicare Link  *****************************************
2023-03-28 12:57:04 INFO  Log:23 - ****************************** Browser is closed *****************************************
2023-03-28 12:57:11 INFO  Log:12 - =====================================VerifyMedicareLinkTest TEST START=========================================
2023-03-28 12:57:11 INFO  Log:23 - entering application URL
2023-03-28 12:57:12 INFO  Log:23 - ****************************** starting test case *****************************************
2023-03-28 12:57:12 INFO  Log:23 - ****************************** loginPageTitleTest *****************************************
2023-03-28 12:57:13 INFO  Log:23 - ****************************** Browser is closed *****************************************
2023-03-28 12:59:32 INFO  Log:12 - =====================================VerifyMedicareLinkTest TEST START=========================================
2023-03-28 12:59:32 INFO  Log:23 - entering application URL
2023-03-28 12:59:32 INFO  Log:23 - ****************************** starting test case *****************************************
2023-03-28 12:59:32 INFO  Log:23 - ****************************** click on Medicare Link  *****************************************
2023-03-28 12:59:34 INFO  Log:23 - ****************************** Browser is closed *****************************************
2023-03-28 12:59:41 INFO  Log:12 - =====================================VerifyMedicareLinkTest TEST START=========================================
2023-03-28 12:59:41 INFO  Log:23 - entering application URL
2023-03-28 12:59:42 INFO  Log:23 - ****************************** starting test case *****************************************
2023-03-28 12:59:42 INFO  Log:23 - ****************************** loginPageTitleTest *****************************************
2023-03-28 12:59:43 INFO  Log:23 - ****************************** Browser is closed *****************************************
2023-03-28 13:12:18 INFO  Log:12 - =====================================VerifyMedicareLinkTest TEST START=========================================
2023-03-28 13:12:18 INFO  Log:23 - entering application URL
2023-03-28 13:12:18 INFO  Log:23 - ****************************** starting test case *****************************************
2023-03-28 13:12:18 INFO  Log:23 - ****************************** click on Medicare Link  *****************************************
2023-03-28 13:12:20 INFO  Log:23 - ****************************** Browser is closed *****************************************
2023-03-28 13:12:28 INFO  Log:12 - =====================================VerifyMedicareLinkTest TEST START=========================================
2023-03-28 13:12:28 INFO  Log:23 - entering application URL
2023-03-28 13:12:30 INFO  Log:23 - ****************************** starting test case *****************************************
2023-03-28 13:12:30 INFO  Log:23 - ****************************** loginPageTitleTest *****************************************
2023-03-28 13:12:31 INFO  Log:23 - ****************************** Browser is closed *****************************************
2023-03-28 13:20:55 INFO  Log:12 - =====================================VerifyMedicareLinkTest TEST START=========================================
2023-03-28 13:20:55 INFO  Log:23 - entering application URL
2023-03-28 13:20:55 INFO  Log:23 - ****************************** starting test case *****************************************
2023-03-28 13:20:55 INFO  Log:23 - ****************************** click on Medicare Link  *****************************************
2023-03-28 13:20:57 INFO  Log:23 - ****************************** Browser is closed *****************************************
2023-03-28 13:21:04 INFO  Log:12 - =====================================VerifyMedicareLinkTest TEST START=========================================
2023-03-28 13:21:04 INFO  Log:23 - entering application URL
2023-03-28 13:21:04 INFO  Log:23 - ****************************** starting test case *****************************************
2023-03-28 13:21:04 INFO  Log:23 - ****************************** loginPageTitleTest *****************************************
2023-03-28 13:21:06 INFO  Log:23 - ****************************** Browser is closed *****************************************
2023-03-28 13:21:06 DEBUG cache:45 - Couldn't find template in cache for "Extent.ftl"("en_US", UTF-8, parsed); will try to load it.
2023-03-28 13:21:06 DEBUG cache:45 - TemplateLoader.findTemplateSource("Extent_en_US.ftl"): Not found
2023-03-28 13:21:06 DEBUG cache:45 - TemplateLoader.findTemplateSource("Extent_en.ftl"): Not found
2023-03-28 13:21:06 DEBUG cache:45 - TemplateLoader.findTemplateSource("Extent.ftl"): Found
2023-03-28 13:21:06 DEBUG cache:45 - Loading template for "Extent.ftl"("en_US", UTF-8, parsed) from "jar:file:/C:/Users/USER/.m2/repository/com/relevantcodes/extentreports/2.41.2/extentreports-2.41.2.jar!/com/relevantcodes/extentreports/view/Extent.ftl"
2023-03-28 13:21:06 DEBUG cache:45 - Couldn't find template in cache for "Extent.ftl"("en_US", UTF-8, parsed); will try to load it.
2023-03-28 13:21:06 DEBUG cache:45 - TemplateLoader.findTemplateSource("Extent_en_US.ftl"): Not found
2023-03-28 13:21:06 DEBUG cache:45 - TemplateLoader.findTemplateSource("Extent_en.ftl"): Not found
2023-03-28 13:21:06 DEBUG cache:45 - TemplateLoader.findTemplateSource("Extent.ftl"): Found
2023-03-28 13:21:06 DEBUG cache:45 - Loading template for "Extent.ftl"("en_US", UTF-8, parsed) from "jar:file:/C:/Users/USER/.m2/repository/com/relevantcodes/extentreports/2.41.2/extentreports-2.41.2.jar!/com/relevantcodes/extentreports/view/Extent.ftl"
2023-03-28 13:22:36 INFO  Log:12 - =====================================VerifyMedicareLinkTest TEST START=========================================
2023-03-28 13:22:36 INFO  Log:23 - entering application URL
2023-03-28 13:22:36 INFO  Log:23 - ****************************** starting test case *****************************************
2023-03-28 13:22:36 INFO  Log:23 - ****************************** click on Medicare Link  *****************************************
2023-03-28 13:22:38 INFO  Log:23 - ****************************** Browser is closed *****************************************
2023-03-28 13:22:47 INFO  Log:12 - =====================================VerifyMedicareLinkTest TEST START=========================================
2023-03-28 13:22:47 INFO  Log:23 - entering application URL
2023-03-28 13:22:48 INFO  Log:23 - ****************************** starting test case *****************************************
2023-03-28 13:22:48 INFO  Log:23 - ****************************** loginPageTitleTest *****************************************
2023-03-28 13:22:49 INFO  Log:23 - ****************************** Browser is closed *****************************************
2023-03-28 13:28:58 INFO  Log:12 - =====================================VerifyMedicareLinkTest TEST START=========================================
2023-03-28 13:28:58 INFO  Log:23 - entering application URL
2023-03-28 13:28:58 INFO  Log:23 - ****************************** starting test case *****************************************
2023-03-28 13:28:58 INFO  Log:23 - ****************************** click on Medicare Link  *****************************************
2023-03-28 13:29:00 INFO  Log:23 - ****************************** Browser is closed *****************************************
2023-03-28 13:29:09 INFO  Log:12 - =====================================VerifyMedicareLinkTest TEST START=========================================
2023-03-28 13:29:09 INFO  Log:23 - entering application URL
2023-03-28 13:29:20 INFO  Log:23 - ****************************** starting test case *****************************************
2023-03-28 13:29:20 INFO  Log:23 - ****************************** loginPageTitleTest *****************************************
2023-03-28 13:29:21 INFO  Log:23 - ****************************** Browser is closed *****************************************
2023-03-28 13:40:31 INFO  Log:12 - =====================================VerifyMedicareLinkTest TEST START=========================================
2023-03-28 13:40:31 INFO  Log:23 - entering application URL
2023-03-28 13:40:31 INFO  Log:23 - ****************************** starting test case *****************************************
2023-03-28 13:40:31 INFO  Log:23 - ****************************** click on Medicare Link  *****************************************
2023-03-28 13:40:33 INFO  Log:23 - ****************************** Browser is closed *****************************************
2023-03-28 13:40:39 INFO  Log:12 - =====================================VerifyMedicareLinkTest TEST START=========================================
2023-03-28 13:40:39 INFO  Log:23 - entering application URL
2023-03-28 13:40:40 INFO  Log:23 - ****************************** starting test case *****************************************
2023-03-28 13:40:40 INFO  Log:23 - ****************************** loginPageTitleTest *****************************************
2023-03-28 13:40:41 INFO  Log:23 - ****************************** Browser is closed *****************************************
2023-03-28 13:43:40 INFO  Log:12 - =====================================VerifyMedicareLinkTest TEST START=========================================
2023-03-28 13:43:40 INFO  Log:23 - entering application URL
2023-03-28 13:43:40 INFO  Log:23 - ****************************** starting test case *****************************************
2023-03-28 13:43:40 INFO  Log:23 - ****************************** click on Medicare Link  *****************************************
2023-03-28 13:43:42 INFO  Log:23 - ****************************** Browser is closed *****************************************
2023-03-28 13:43:48 INFO  Log:12 - =====================================VerifyMedicareLinkTest TEST START=========================================
2023-03-28 13:43:48 INFO  Log:23 - entering application URL
2023-03-28 13:43:49 INFO  Log:23 - ****************************** starting test case *****************************************
2023-03-28 13:43:49 INFO  Log:23 - ****************************** loginPageTitleTest *****************************************
2023-03-28 13:43:49 INFO  Log:23 - ****************************** Browser is closed *****************************************
2023-03-28 13:47:02 INFO  Log:12 - =====================================VerifyMedicareLinkTest TEST START=========================================
2023-03-28 13:47:02 INFO  Log:23 - entering application URL
2023-03-28 13:47:02 INFO  Log:23 - ****************************** starting test case *****************************************
2023-03-28 13:47:02 INFO  Log:23 - ****************************** click on Medicare Link  *****************************************
2023-03-28 13:47:05 INFO  Log:23 - ****************************** Browser is closed *****************************************
2023-03-28 13:47:11 INFO  Log:12 - =====================================VerifyMedicareLinkTest TEST START=========================================
2023-03-28 13:47:11 INFO  Log:23 - entering application URL
2023-03-28 13:47:12 INFO  Log:23 - ****************************** starting test case *****************************************
2023-03-28 13:47:12 INFO  Log:23 - ****************************** loginPageTitleTest *****************************************
2023-03-28 13:47:12 INFO  Log:23 - ****************************** Browser is closed *****************************************
2023-03-28 13:56:19 INFO  Log:12 - =====================================VerifyMedicareLinkTest TEST START=========================================
2023-03-28 13:56:19 INFO  Log:23 - entering application URL
2023-03-28 13:56:19 INFO  Log:23 - ****************************** starting test case *****************************************
2023-03-28 13:56:19 INFO  Log:23 - ****************************** click on Medicare Link  *****************************************
2023-03-28 13:56:21 INFO  Log:23 - ****************************** Browser is closed *****************************************
2023-03-28 13:56:27 INFO  Log:12 - =====================================VerifyMedicareLinkTest TEST START=========================================
2023-03-28 13:56:27 INFO  Log:23 - entering application URL
2023-03-28 13:56:28 INFO  Log:23 - ****************************** starting test case *****************************************
2023-03-28 13:56:28 INFO  Log:23 - ****************************** loginPageTitleTest *****************************************
2023-03-28 13:56:29 INFO  Log:23 - ****************************** Browser is closed *****************************************
2023-03-28 14:14:01 INFO  Log:12 - =====================================VerifyMedicareLinkTest TEST START=========================================
2023-03-28 14:14:01 INFO  Log:23 - entering application URL
2023-03-28 14:14:01 INFO  Log:23 - ****************************** starting test case *****************************************
2023-03-28 14:14:01 INFO  Log:23 - ****************************** click on Medicare Link  *****************************************
2023-03-28 14:14:03 INFO  Log:23 - ****************************** Browser is closed *****************************************
2023-03-28 14:14:09 INFO  Log:12 - =====================================VerifyMedicareLinkTest TEST START=========================================
2023-03-28 14:14:09 INFO  Log:23 - entering application URL
2023-03-28 14:14:10 INFO  Log:23 - ****************************** starting test case *****************************************
2023-03-28 14:14:10 INFO  Log:23 - ****************************** loginPageTitleTest *****************************************
2023-03-28 14:14:11 INFO  Log:23 - ****************************** Browser is closed *****************************************
2023-03-28 14:16:20 INFO  Log:12 - =====================================VerifyMedicareLinkTest TEST START=========================================
2023-03-28 14:16:20 INFO  Log:23 - entering application URL
2023-03-28 14:16:20 INFO  Log:23 - ****************************** starting test case *****************************************
2023-03-28 14:16:20 INFO  Log:23 - ****************************** click on Medicare Link  *****************************************
2023-03-28 14:16:22 INFO  Log:23 - ****************************** Browser is closed *****************************************
2023-03-28 14:16:28 INFO  Log:12 - =====================================VerifyMedicareLinkTest TEST START=========================================
2023-03-28 14:16:28 INFO  Log:23 - entering application URL
2023-03-28 14:16:28 INFO  Log:23 - ****************************** starting test case *****************************************
2023-03-28 14:16:28 INFO  Log:23 - ****************************** loginPageTitleTest *****************************************
2023-03-28 14:16:29 INFO  Log:23 - ****************************** Browser is closed *****************************************
2023-03-28 14:18:32 INFO  Log:12 - =====================================VerifyMedicareLinkTest TEST START=========================================
2023-03-28 14:18:32 INFO  Log:23 - entering application URL
2023-03-28 14:18:32 INFO  Log:23 - ****************************** starting test case *****************************************
2023-03-28 14:18:32 INFO  Log:23 - ****************************** click on Medicare Link  *****************************************
2023-03-28 14:18:34 INFO  Log:23 - ****************************** Browser is closed *****************************************
2023-03-28 14:18:46 INFO  Log:12 - =====================================VerifyMedicareLinkTest TEST START=========================================
2023-03-28 14:18:46 INFO  Log:23 - entering application URL
2023-03-28 14:18:47 INFO  Log:23 - ****************************** starting test case *****************************************
2023-03-28 14:18:47 INFO  Log:23 - ****************************** loginPageTitleTest *****************************************
2023-03-28 14:18:48 INFO  Log:23 - ****************************** Browser is closed *****************************************
2023-03-28 14:21:33 INFO  Log:12 - =====================================VerifyMedicareLinkTest TEST START=========================================
2023-03-28 14:21:33 INFO  Log:23 - entering application URL
2023-03-28 14:21:33 INFO  Log:23 - ****************************** starting test case *****************************************
2023-03-28 14:21:34 INFO  Log:23 - ****************************** click on Medicare Link  *****************************************
2023-03-28 14:21:35 INFO  Log:23 - ****************************** Browser is closed *****************************************
2023-03-28 14:21:42 INFO  Log:12 - =====================================VerifyMedicareLinkTest TEST START=========================================
2023-03-28 14:21:42 INFO  Log:23 - entering application URL
2023-03-28 14:21:42 INFO  Log:23 - ****************************** starting test case *****************************************
2023-03-28 14:21:42 INFO  Log:23 - ****************************** loginPageTitleTest *****************************************
2023-03-28 14:21:43 INFO  Log:23 - ****************************** Browser is closed *****************************************
2023-03-28 14:26:36 INFO  Log:12 - =====================================VerifyMedicareLinkTest TEST START=========================================
2023-03-28 14:26:36 INFO  Log:23 - entering application URL
2023-03-28 14:26:36 INFO  Log:23 - ****************************** starting test case *****************************************
2023-03-28 14:26:36 INFO  Log:23 - ****************************** click on Medicare Link  *****************************************
2023-03-28 14:26:38 INFO  Log:23 - ****************************** Browser is closed *****************************************
2023-03-28 14:26:44 INFO  Log:12 - =====================================VerifyMedicareLinkTest TEST START=========================================
2023-03-28 14:26:44 INFO  Log:23 - entering application URL
2023-03-28 14:26:44 INFO  Log:23 - ****************************** starting test case *****************************************
2023-03-28 14:26:44 INFO  Log:23 - ****************************** loginPageTitleTest *****************************************
2023-03-28 14:26:45 INFO  Log:23 - ****************************** Browser is closed *****************************************
